<?xml version="1.0" encoding="UTF-8"?>
<!-- Generated by org.testng.reporters.JUnitXMLReporter -->
<testsuite ignored="0" hostname="DESKTOP-315BBS2" failures="0" tests="4" name="Test" time="24.267" errors="0" timestamp="2025-03-28T22:47:45 IST">
  <testcase classname="test.TC_004ValidateInvalidLoginData" name="ValidateInvalidLogin" time="0.293"/>
  <testcase classname="test.TC_004ValidateInvalidLoginData" name="ValidateInvalidLogin" time="0.297"/>
  <testcase classname="test.TC_004ValidateInvalidLoginData" name="ValidateInvalidLogin" time="1.695"/>
  <testcase classname="test.TC_004ValidateInvalidLoginData" name="ValidateInvalidLogin" time="1.968"/>
</testsuite> <!-- Test -->
