<?xml version="1.0" encoding="UTF-8"?>
<!-- Generated by org.testng.reporters.JUnitXMLReporter -->
<testsuite ignored="0" hostname="DESKTOP-315BBS2" failures="0" tests="7" name="Test" time="128.461" errors="0" timestamp="2025-03-28T22:56:40 IST">
  <testcase classname="test.TC_009ValidateBookAHotel" name="BookingHotelsTest" time="12.912"/>
  <testcase classname="test.TC_009ValidateBookAHotel" name="BookingHotelsTest" time="12.767"/>
  <testcase classname="test.TC_009ValidateBookAHotel" name="BookingHotelsTest" time="11.769"/>
  <testcase classname="test.TC_009ValidateBookAHotel" name="BookingHotelsTest" time="12.332"/>
  <testcase classname="test.TC_009ValidateBookAHotel" name="BookingHotelsTest" time="12.834"/>
  <testcase classname="test.TC_009ValidateBookAHotel" name="BookingHotelsTest" time="10.723"/>
  <testcase classname="test.TC_009ValidateBookAHotel" name="BookingHotelsTest" time="11.156"/>
</testsuite> <!-- Test -->
