<?xml version="1.0" encoding="UTF-8"?>
<!-- Generated by org.testng.reporters.JUnitXMLReporter -->
<testsuite ignored="0" hostname="DESKTOP-315BBS2" failures="1" tests="5" name="Test" time="300.321" errors="0" timestamp="2025-03-28T22:52:46 IST">
  <testcase classname="test.TC_002InvalidRegisterData" name="ValidRegisterTest" time="52.349"/>
  <testcase classname="test.TC_002InvalidRegisterData" name="ValidRegisterTest" time="52.301"/>
  <testcase classname="test.TC_002InvalidRegisterData" name="ValidRegisterTest" time="53.542"/>
  <testcase classname="test.TC_002InvalidRegisterData" name="ValidRegisterTest" time="52.333"/>
  <testcase classname="test.TC_002InvalidRegisterData" name="ValidRegisterTest" time="55.777">
    <failure type="java.lang.AssertionError" message="expected [Invalid email, Please enter correct email.] but found [Email address is already in use]">
      <![CDATA[java.lang.AssertionError: expected [Invalid email, Please enter correct email.] but found [Email address is already in use]
at page.RegisterVerification.InvalidRegidterData(RegisterVerification.java:90)
at test.TC_002InvalidRegisterData.ValidRegisterTest(TC_002InvalidRegisterData.java:37)
at java.base/java.util.ArrayList.forEach(ArrayList.java:1596)
... Removed 35 stack frames]]>
    </failure>
  </testcase> <!-- ValidRegisterTest -->
</testsuite> <!-- Test -->
