<?xml version="1.0" encoding="UTF-8"?>
<!-- Generated by org.testng.reporters.JUnitXMLReporter -->
<testsuite ignored="0" hostname="DESKTOP-315BBS2" failures="0" tests="4" name="Test" time="95.35" errors="0" timestamp="2025-03-28T22:47:06 IST">
  <testcase classname="test.TC_006SelectHotelstest" name="BookingHotelsTest" time="18.156"/>
  <testcase classname="test.TC_006SelectHotelstest" name="BookingHotelsTest" time="18.719"/>
  <testcase classname="test.TC_006SelectHotelstest" name="BookingHotelsTest" time="17.629"/>
  <testcase classname="test.TC_006SelectHotelstest" name="BookingHotelsTest" time="17.15"/>
</testsuite> <!-- Test -->
